29/12/2019 01:43:35 DEBUG protocol.RequestAddCookies - CookieSpec selected: default
29/12/2019 01:43:35 DEBUG protocol.RequestAuthCache - Auth cache not set in the context
29/12/2019 01:43:35 DEBUG conn.PoolingHttpClientConnectionManager - Connection request: [route: {}->http://localhost:48301][total kept alive: 0; route allocated: 0 of 2000; total allocated: 0 of 2000]
29/12/2019 01:43:35 DEBUG conn.PoolingHttpClientConnectionManager - Connection leased: [id: 0][route: {}->http://localhost:48301][total kept alive: 0; route allocated: 1 of 2000; total allocated: 1 of 2000]
29/12/2019 01:43:35 DEBUG execchain.MainClientExec - Opening connection {}->http://localhost:48301
29/12/2019 01:43:35 DEBUG conn.DefaultHttpClientConnectionOperator - Connecting to localhost/127.0.0.1:48301
29/12/2019 01:43:35 DEBUG conn.DefaultHttpClientConnectionOperator - Connection established 127.0.0.1:51302<->127.0.0.1:48301
29/12/2019 01:43:35 DEBUG conn.DefaultManagedHttpClientConnection - http-outgoing-0: set socket timeout to 10800000
29/12/2019 01:43:35 DEBUG execchain.MainClientExec - Executing request POST /session HTTP/1.1
29/12/2019 01:43:35 DEBUG execchain.MainClientExec - Target auth state: UNCHALLENGED
29/12/2019 01:43:35 DEBUG execchain.MainClientExec - Proxy auth state: UNCHALLENGED
29/12/2019 01:43:35 DEBUG http.headers - http-outgoing-0 >> POST /session HTTP/1.1
29/12/2019 01:43:35 DEBUG http.headers - http-outgoing-0 >> Content-Type: application/json; charset=utf-8
29/12/2019 01:43:35 DEBUG http.headers - http-outgoing-0 >> Content-Length: 119
29/12/2019 01:43:35 DEBUG http.headers - http-outgoing-0 >> Host: localhost:48301
29/12/2019 01:43:35 DEBUG http.headers - http-outgoing-0 >> Connection: Keep-Alive
29/12/2019 01:43:35 DEBUG http.headers - http-outgoing-0 >> User-Agent: Apache-HttpClient/4.5.1 (Java/1.8.0_131)
29/12/2019 01:43:35 DEBUG http.headers - http-outgoing-0 >> Accept-Encoding: gzip,deflate
29/12/2019 01:43:35 DEBUG http.wire - http-outgoing-0 >> "POST /session HTTP/1.1[\r][\n]"
29/12/2019 01:43:35 DEBUG http.wire - http-outgoing-0 >> "Content-Type: application/json; charset=utf-8[\r][\n]"
29/12/2019 01:43:35 DEBUG http.wire - http-outgoing-0 >> "Content-Length: 119[\r][\n]"
29/12/2019 01:43:35 DEBUG http.wire - http-outgoing-0 >> "Host: localhost:48301[\r][\n]"
29/12/2019 01:43:35 DEBUG http.wire - http-outgoing-0 >> "Connection: Keep-Alive[\r][\n]"
29/12/2019 01:43:35 DEBUG http.wire - http-outgoing-0 >> "User-Agent: Apache-HttpClient/4.5.1 (Java/1.8.0_131)[\r][\n]"
29/12/2019 01:43:35 DEBUG http.wire - http-outgoing-0 >> "Accept-Encoding: gzip,deflate[\r][\n]"
29/12/2019 01:43:35 DEBUG http.wire - http-outgoing-0 >> "[\r][\n]"
29/12/2019 01:43:35 DEBUG http.wire - http-outgoing-0 >> "{"desiredCapabilities":{"ensureCleanSession":true,"browserName":"internet explorer","version":"","platform":"WINDOWS"}}"
29/12/2019 01:43:36 DEBUG http.wire - http-outgoing-0 << "HTTP/1.1 400 Bad Request[\r][\n]"
29/12/2019 01:43:36 DEBUG http.wire - http-outgoing-0 << "Content-Length: 160[\r][\n]"
29/12/2019 01:43:36 DEBUG http.wire - http-outgoing-0 << "Content-Type: application/json; charset=utf-8[\r][\n]"
29/12/2019 01:43:36 DEBUG http.wire - http-outgoing-0 << "Cache-Control: no-cache[\r][\n]"
29/12/2019 01:43:36 DEBUG http.wire - http-outgoing-0 << "Vary: Accept-Charset, Accept-Encoding, Accept-Language, Accept[\r][\n]"
29/12/2019 01:43:36 DEBUG http.wire - http-outgoing-0 << "Accept-Ranges: bytes[\r][\n]"
29/12/2019 01:43:36 DEBUG http.wire - http-outgoing-0 << "[\r][\n]"
29/12/2019 01:43:36 DEBUG http.wire - http-outgoing-0 << "{[\n]"
29/12/2019 01:43:36 DEBUG http.wire - http-outgoing-0 << "[0x9]"value" : [\n]"
29/12/2019 01:43:36 DEBUG http.wire - http-outgoing-0 << "[0x9]{[\n]"
29/12/2019 01:43:36 DEBUG http.wire - http-outgoing-0 << "[0x9][0x9]"error" : "invalid argument",[\n]"
29/12/2019 01:43:36 DEBUG http.wire - http-outgoing-0 << "[0x9][0x9]"message" : "No property named 'capabilities' found in new session request body.",[\n]"
29/12/2019 01:43:36 DEBUG http.wire - http-outgoing-0 << "[0x9][0x9]"stacktrace" : ""[\n]"
29/12/2019 01:43:36 DEBUG http.wire - http-outgoing-0 << "[0x9]}[\n]"
29/12/2019 01:43:36 DEBUG http.wire - http-outgoing-0 << "}[\r][\n]"
29/12/2019 01:43:36 DEBUG http.headers - http-outgoing-0 << HTTP/1.1 400 Bad Request
29/12/2019 01:43:36 DEBUG http.headers - http-outgoing-0 << Content-Length: 160
29/12/2019 01:43:36 DEBUG http.headers - http-outgoing-0 << Content-Type: application/json; charset=utf-8
29/12/2019 01:43:36 DEBUG http.headers - http-outgoing-0 << Cache-Control: no-cache
29/12/2019 01:43:36 DEBUG http.headers - http-outgoing-0 << Vary: Accept-Charset, Accept-Encoding, Accept-Language, Accept
29/12/2019 01:43:36 DEBUG http.headers - http-outgoing-0 << Accept-Ranges: bytes
29/12/2019 01:43:36 DEBUG execchain.MainClientExec - Connection can be kept alive indefinitely
29/12/2019 01:43:36 DEBUG conn.PoolingHttpClientConnectionManager - Connection [id: 0][route: {}->http://localhost:48301] can be kept alive indefinitely
29/12/2019 01:43:36 DEBUG conn.PoolingHttpClientConnectionManager - Connection released: [id: 0][route: {}->http://localhost:48301][total kept alive: 1; route allocated: 1 of 2000; total allocated: 1 of 2000]
29/12/2019 01:43:36 DEBUG protocol.RequestAddCookies - CookieSpec selected: default
29/12/2019 01:43:36 DEBUG protocol.RequestAuthCache - Auth cache not set in the context
29/12/2019 01:43:36 DEBUG conn.PoolingHttpClientConnectionManager - Connection request: [route: {}->http://localhost:48301][total kept alive: 1; route allocated: 1 of 2000; total allocated: 1 of 2000]
29/12/2019 01:43:36 DEBUG conn.PoolingHttpClientConnectionManager - Connection leased: [id: 0][route: {}->http://localhost:48301][total kept alive: 0; route allocated: 1 of 2000; total allocated: 1 of 2000]
29/12/2019 01:43:36 DEBUG execchain.MainClientExec - Stale connection check
29/12/2019 01:43:36 DEBUG http.wire - http-outgoing-0 << "[read] I/O error: Read timed out"
29/12/2019 01:43:36 DEBUG conn.DefaultManagedHttpClientConnection - http-outgoing-0: set socket timeout to 10800000
29/12/2019 01:43:36 DEBUG execchain.MainClientExec - Executing request POST /session/null/url HTTP/1.1
29/12/2019 01:43:36 DEBUG execchain.MainClientExec - Target auth state: UNCHALLENGED
29/12/2019 01:43:36 DEBUG execchain.MainClientExec - Proxy auth state: UNCHALLENGED
29/12/2019 01:43:36 DEBUG http.headers - http-outgoing-0 >> POST /session/null/url HTTP/1.1
29/12/2019 01:43:36 DEBUG http.headers - http-outgoing-0 >> Content-Type: application/json; charset=utf-8
29/12/2019 01:43:36 DEBUG http.headers - http-outgoing-0 >> Content-Length: 29
29/12/2019 01:43:36 DEBUG http.headers - http-outgoing-0 >> Host: localhost:48301
29/12/2019 01:43:36 DEBUG http.headers - http-outgoing-0 >> Connection: Keep-Alive
29/12/2019 01:43:36 DEBUG http.headers - http-outgoing-0 >> User-Agent: Apache-HttpClient/4.5.1 (Java/1.8.0_131)
29/12/2019 01:43:36 DEBUG http.headers - http-outgoing-0 >> Accept-Encoding: gzip,deflate
29/12/2019 01:43:36 DEBUG http.wire - http-outgoing-0 >> "POST /session/null/url HTTP/1.1[\r][\n]"
29/12/2019 01:43:36 DEBUG http.wire - http-outgoing-0 >> "Content-Type: application/json; charset=utf-8[\r][\n]"
29/12/2019 01:43:36 DEBUG http.wire - http-outgoing-0 >> "Content-Length: 29[\r][\n]"
29/12/2019 01:43:36 DEBUG http.wire - http-outgoing-0 >> "Host: localhost:48301[\r][\n]"
29/12/2019 01:43:36 DEBUG http.wire - http-outgoing-0 >> "Connection: Keep-Alive[\r][\n]"
29/12/2019 01:43:36 DEBUG http.wire - http-outgoing-0 >> "User-Agent: Apache-HttpClient/4.5.1 (Java/1.8.0_131)[\r][\n]"
29/12/2019 01:43:36 DEBUG http.wire - http-outgoing-0 >> "Accept-Encoding: gzip,deflate[\r][\n]"
29/12/2019 01:43:36 DEBUG http.wire - http-outgoing-0 >> "[\r][\n]"
29/12/2019 01:43:36 DEBUG http.wire - http-outgoing-0 >> "{"url":"http://google.co.in"}"
29/12/2019 01:43:36 DEBUG http.wire - http-outgoing-0 << "HTTP/1.1 404 Not Found[\r][\n]"
29/12/2019 01:43:36 DEBUG http.wire - http-outgoing-0 << "Content-Length: 122[\r][\n]"
29/12/2019 01:43:36 DEBUG http.wire - http-outgoing-0 << "Content-Type: application/json; charset=utf-8[\r][\n]"
29/12/2019 01:43:36 DEBUG http.wire - http-outgoing-0 << "Cache-Control: no-cache[\r][\n]"
29/12/2019 01:43:36 DEBUG http.wire - http-outgoing-0 << "Vary: Accept-Charset, Accept-Encoding, Accept-Language, Accept[\r][\n]"
29/12/2019 01:43:36 DEBUG http.wire - http-outgoing-0 << "Accept-Ranges: bytes[\r][\n]"
29/12/2019 01:43:36 DEBUG http.wire - http-outgoing-0 << "[\r][\n]"
29/12/2019 01:43:36 DEBUG http.wire - http-outgoing-0 << "{[\n]"
29/12/2019 01:43:36 DEBUG http.wire - http-outgoing-0 << "[0x9]"value" : [\n]"
29/12/2019 01:43:36 DEBUG http.wire - http-outgoing-0 << "[0x9]{[\n]"
29/12/2019 01:43:36 DEBUG http.wire - http-outgoing-0 << "[0x9][0x9]"error" : "invalid session id",[\n]"
29/12/2019 01:43:36 DEBUG http.wire - http-outgoing-0 << "[0x9][0x9]"message" : "session null does not exist",[\n]"
29/12/2019 01:43:36 DEBUG http.wire - http-outgoing-0 << "[0x9][0x9]"stacktrace" : ""[\n]"
29/12/2019 01:43:36 DEBUG http.wire - http-outgoing-0 << "[0x9]}[\n]"
29/12/2019 01:43:36 DEBUG http.wire - http-outgoing-0 << "}[\r][\n]"
29/12/2019 01:43:36 DEBUG http.headers - http-outgoing-0 << HTTP/1.1 404 Not Found
29/12/2019 01:43:36 DEBUG http.headers - http-outgoing-0 << Content-Length: 122
29/12/2019 01:43:36 DEBUG http.headers - http-outgoing-0 << Content-Type: application/json; charset=utf-8
29/12/2019 01:43:36 DEBUG http.headers - http-outgoing-0 << Cache-Control: no-cache
29/12/2019 01:43:36 DEBUG http.headers - http-outgoing-0 << Vary: Accept-Charset, Accept-Encoding, Accept-Language, Accept
29/12/2019 01:43:36 DEBUG http.headers - http-outgoing-0 << Accept-Ranges: bytes
29/12/2019 01:43:36 DEBUG execchain.MainClientExec - Connection can be kept alive indefinitely
29/12/2019 01:43:36 DEBUG conn.PoolingHttpClientConnectionManager - Connection [id: 0][route: {}->http://localhost:48301] can be kept alive indefinitely
29/12/2019 01:43:36 DEBUG conn.PoolingHttpClientConnectionManager - Connection released: [id: 0][route: {}->http://localhost:48301][total kept alive: 1; route allocated: 1 of 2000; total allocated: 1 of 2000]
